<?xml version="1.0" encoding="UTF-8"?>
<coverage generated="1713291503964" clover="3.2.0">
  <project timestamp="1713291503964" name="All files">
    <metrics statements="5" coveredstatements="5" conditionals="2" coveredconditionals="2" methods="3" coveredmethods="3" elements="10" coveredelements="10" complexity="0" loc="5" ncloc="5" packages="1" files="1" classes="1"/>
    <file name="classNames.ts" path="D:\epam\EPAM RD Lab\production-project-react\src\shared\lib\classNames.ts">
      <metrics statements="5" coveredstatements="5" conditionals="2" coveredconditionals="2" methods="3" coveredmethods="3"/>
      <line num="10" count="6" type="stmt"/>
      <line num="11" count="9" type="stmt"/>
      <line num="13" count="6" type="stmt"/>
      <line num="17" count="6" type="stmt"/>
      <line num="25" count="1" type="stmt"/>
    </file>
  </project>
</coverage>
