{"D:\\epam\\EPAM RD Lab\\production-project-react\\src\\shared\\lib\\classNames.ts": {"path":"D:\\epam\\EPAM RD Lab\\production-project-react\\src\\shared\\lib\\classNames.ts","statementMap":{"0":{"start":{"line":10,"column":26},"end":{"line":13,"column":40}},"1":{"start":{"line":11,"column":39},"end":{"line":11,"column":60}},"2":{"start":{"line":13,"column":30},"end":{"line":13,"column":39}},"3":{"start":{"line":17,"column":4},"end":{"line":22,"column":16}},"4":{"start":{"line":25,"column":0},"end":{"line":25,"column":87}}},"fnMap":{"0":{"name":"classNames","decl":{"start":{"line":9,"column":16},"end":{"line":9,"column":26}},"loc":{"start":{"line":9,"column":95},"end":{"line":23,"column":1}},"line":9},"1":{"name":"(anonymous_1)","decl":{"start":{"line":11,"column":16},"end":{"line":11,"column":17}},"loc":{"start":{"line":11,"column":39},"end":{"line":11,"column":60}},"line":11},"2":{"name":"(anonymous_2)","decl":{"start":{"line":13,"column":13},"end":{"line":13,"column":14}},"loc":{"start":{"line":13,"column":30},"end":{"line":13,"column":39}},"line":13}},"branchMap":{"0":{"loc":{"start":{"line":9,"column":41},"end":{"line":9,"column":58}},"type":"default-arg","locations":[{"start":{"line":9,"column":56},"end":{"line":9,"column":58}}],"line":9},"1":{"loc":{"start":{"line":9,"column":60},"end":{"line":9,"column":85}},"type":"default-arg","locations":[{"start":{"line":9,"column":83},"end":{"line":9,"column":85}}],"line":9}},"s":{"0":6,"1":9,"2":6,"3":6,"4":1},"f":{"0":6,"1":9,"2":6},"b":{"0":[1],"1":[1]},"_coverageSchema":"1a1c01bbd47fc00a2c39e90264f33305004495a9","hash":"b66977c65c7ff7ad5db5e4c7f7c3978d5c4a93c1"}
}
